#
# There is insufficient memory for the Java Runtime Environment to continue.
# Native memory allocation (malloc) failed to allocate 1048576 bytes for AllocateHeap
# Possible reasons:
#   The system is out of physical RAM or swap space
#   The process is running with CompressedOops enabled, and the Java Heap may be blocking the growth of the native heap
# Possible solutions:
#   Reduce memory load on the system
#   Increase physical memory or swap space
#   Check if swap backing store is full
#   Decrease Java heap size (-Xmx/-Xms)
#   Decrease number of Java threads
#   Decrease Java thread stack sizes (-Xss)
#   Set larger code cache with -XX:ReservedCodeCacheSize=
#   JVM is running with Unscaled Compressed Oops mode in which the Java heap is
#     placed in the first 4GB address space. The Java Heap base address is the
#     maximum limit for the native heap growth. Please use -XX:HeapBaseMinAddress
#     to set the Java Heap base and to place the Java Heap above 4GB virtual address.
# This output file may be truncated or incomplete.
#
#  Out of Memory Error (memory/allocation.inline.hpp:61), pid=27784, tid=0x000000000000025c
#
# JRE version:  (8.0_271-b09) (build )
# Java VM: Java HotSpot(TM) 64-Bit Server VM (25.271-b09 mixed mode windows-amd64 compressed oops)
# Failed to write core dump. Minidumps are not enabled by default on client versions of Windows
#

---------------  T H R E A D  ---------------

Current thread (0x000001de217d7000):  JavaThread "Unknown thread" [_thread_in_vm, id=604, stack(0x0000009f4dd00000,0x0000009f4de00000)]

Stack: [0x0000009f4dd00000,0x0000009f4de00000]
Native frames: (J=compiled Java code, j=interpreted, Vv=VM code, C=native code)
V  [jvm.dll+0x33f6c9]
V  [jvm.dll+0x286122]
V  [jvm.dll+0x286dcd]
V  [jvm.dll+0x27d805]
V  [jvm.dll+0x1565d]
V  [jvm.dll+0x3d98d8]
V  [jvm.dll+0x3da5ca]
V  [jvm.dll+0x3d6637]
V  [jvm.dll+0x10cfff]
V  [jvm.dll+0x21ab2b]
V  [jvm.dll+0x2494e7]
V  [jvm.dll+0x172a76]
C  [java.exe+0x2312]
C  [java.exe+0x15f54]
C  [KERNEL32.DLL+0x17034]
C  [ntdll.dll+0x52651]


---------------  P R O C E S S  ---------------

Java Threads: ( => current thread )

Other Threads:

=>0x000001de217d7000 (exited) JavaThread "Unknown thread" [_thread_in_vm, id=604, stack(0x0000009f4dd00000,0x0000009f4de00000)]

VM state:not at safepoint (normal execution)

VM Mutex/Monitor currently owned by a thread: None

heap address: 0x00000000f9c00000, size: 100 MB, Compressed Oops mode: 32-bit
Narrow klass base: 0x0000000000000000, Narrow klass shift: 3
Compressed class space size: 1073741824 Address: 0x0000000100000000

Heap:
 PSYoungGen      total 29696K, used 512K [0x00000000fdf00000, 0x0000000100000000, 0x0000000100000000)
  eden space 25600K, 2% used [0x00000000fdf00000,0x00000000fdf80010,0x00000000ff800000)
  from space 4096K, 0% used [0x00000000ffc00000,0x00000000ffc00000,0x0000000100000000)
  to   space 4096K, 0% used [0x00000000ff800000,0x00000000ff800000,0x00000000ffc00000)
 ParOldGen       total 68608K, used 0K [0x00000000f9c00000, 0x00000000fdf00000, 0x00000000fdf00000)
  object space 68608K, 0% used [0x00000000f9c00000,0x00000000f9c00000,0x00000000fdf00000)
 Metaspace       used 776K, capacity 4480K, committed 4480K, reserved 1056768K
  class space    used 76K, capacity 384K, committed 384K, reserved 1048576K

Card table byte_map: [0x000001de218d0000,0x000001de21910000] byte_map_base: 0x000001de21102000

Marking Bits: (ParMarkBitMap*) 0x0000000064b97fe0
 Begin Bits: [0x000001de324d0000, 0x000001de32660000)
 End Bits:   [0x000001de32660000, 0x000001de327f0000)

Polling page: 0x000001de218a0000

CodeCache: size=245760Kb used=327Kb max_used=327Kb free=245432Kb
 bounds [0x000001de23110000, 0x000001de23380000, 0x000001de32110000]
 total_blobs=57 nmethods=0 adapters=38
 compilation: enabled

Compilation events (0 events):
No events

GC Heap History (0 events):
No events

Deoptimization events (0 events):
No events

Classes redefined (0 events):
No events

Internal exceptions (0 events):
No events

Events (10 events):
Event: 0.041 loading class java/lang/Short
Event: 0.041 loading class java/lang/Short done
Event: 0.041 loading class java/lang/Integer
Event: 0.041 loading class java/lang/Integer done
Event: 0.041 loading class java/lang/Long
Event: 0.041 loading class java/lang/Long done
Event: 0.042 loading class java/lang/NullPointerException
Event: 0.042 loading class java/lang/NullPointerException done
Event: 0.042 loading class java/lang/ArithmeticException
Event: 0.042 loading class java/lang/ArithmeticException done


Dynamic libraries:
0x00007ff74f420000 - 0x00007ff74f467000 	C:\Program Files\Java\jdk1.8.0_271\bin\java.exe
0x00007ffbf9930000 - 0x00007ffbf9b25000 	C:\Windows\SYSTEM32\ntdll.dll
0x00007ffbf94d0000 - 0x00007ffbf958e000 	C:\Windows\System32\KERNEL32.DLL
0x00007ffbf7360000 - 0x00007ffbf7628000 	C:\Windows\System32\KERNELBASE.dll
0x00007ffbf8880000 - 0x00007ffbf892c000 	C:\Windows\System32\ADVAPI32.dll
0x00007ffbf9720000 - 0x00007ffbf97be000 	C:\Windows\System32\msvcrt.dll
0x00007ffbf8c30000 - 0x00007ffbf8ccb000 	C:\Windows\System32\sechost.dll
0x00007ffbf97c0000 - 0x00007ffbf98ea000 	C:\Windows\System32\RPCRT4.dll
0x00007ffbf8930000 - 0x00007ffbf8ad1000 	C:\Windows\System32\USER32.dll
0x00007ffbf78e0000 - 0x00007ffbf7902000 	C:\Windows\System32\win32u.dll
0x00007ffbf8440000 - 0x00007ffbf846b000 	C:\Windows\System32\GDI32.dll
0x00007ffbf7070000 - 0x00007ffbf717d000 	C:\Windows\System32\gdi32full.dll
0x00007ffbf76e0000 - 0x00007ffbf777d000 	C:\Windows\System32\msvcp_win.dll
0x00007ffbf7260000 - 0x00007ffbf7360000 	C:\Windows\System32\ucrtbase.dll
0x00007ffbe4690000 - 0x00007ffbe492a000 	C:\Windows\WinSxS\amd64_microsoft.windows.common-controls_6595b64144ccf1df_6.0.19041.1110_none_60b5254171f9507e\COMCTL32.dll
0x00007ffbf8410000 - 0x00007ffbf8440000 	C:\Windows\System32\IMM32.DLL
0x00007ffbc65f0000 - 0x00007ffbc6605000 	C:\Program Files\Java\jdk1.8.0_271\jre\bin\vcruntime140.dll
0x00007ffbad7d0000 - 0x00007ffbad86b000 	C:\Program Files\Java\jdk1.8.0_271\jre\bin\msvcp140.dll
0x00000000643a0000 - 0x0000000064c0f000 	C:\Program Files\Java\jdk1.8.0_271\jre\bin\server\jvm.dll
0x00007ffbf8b60000 - 0x00007ffbf8b68000 	C:\Windows\System32\PSAPI.DLL
0x00007ffbf4210000 - 0x00007ffbf4237000 	C:\Windows\SYSTEM32\WINMM.dll
0x00007ffbdc900000 - 0x00007ffbdc909000 	C:\Windows\SYSTEM32\WSOCK32.dll
0x00007ffbf9590000 - 0x00007ffbf95fb000 	C:\Windows\System32\WS2_32.dll
0x00007ffbf6b60000 - 0x00007ffbf6b6a000 	C:\Windows\SYSTEM32\VERSION.dll
0x00007ffbf5840000 - 0x00007ffbf5852000 	C:\Windows\SYSTEM32\kernel.appcore.dll
0x00007ffbdc540000 - 0x00007ffbdc550000 	C:\Program Files\Java\jdk1.8.0_271\jre\bin\verify.dll
0x00007ffbdc510000 - 0x00007ffbdc53b000 	C:\Program Files\Java\jdk1.8.0_271\jre\bin\java.dll
0x00007ffbd1820000 - 0x00007ffbd1850000 	C:\Program Files\Java\jdk1.8.0_271\jre\bin\instrument.dll
0x00007ffbdc4f0000 - 0x00007ffbdc508000 	C:\Program Files\Java\jdk1.8.0_271\jre\bin\zip.dll
0x00007ffbf50b0000 - 0x00007ffbf5294000 	C:\Windows\SYSTEM32\dbghelp.dll
0x00007ffbf7180000 - 0x00007ffbf7202000 	C:\Windows\System32\bcryptPrimitives.dll

VM Arguments:
jvm_args: -Xmx100m -XX:TieredStopAtLevel=1 -Xverify:none -Dspring.output.ansi.enabled=always -Dcom.sun.management.jmxremote -Dspring.jmx.enabled=true -Dspring.liveBeansView.mbeanDomain -Dspring.application.admin.enabled=true -javaagent:D:\Program Files\JetBrains\IntelliJ IDEA 2020.2.1\lib\idea_rt.jar=11157:D:\Program Files\JetBrains\IntelliJ IDEA 2020.2.1\bin -Dfile.encoding=UTF-8 
java_command: com.zsc.hahamall.gateway.HahamallGatewayApplication
java_class_path (initial): C:\Program Files\Java\jdk1.8.0_271\jre\lib\charsets.jar;C:\Program Files\Java\jdk1.8.0_271\jre\lib\deploy.jar;C:\Program Files\Java\jdk1.8.0_271\jre\lib\ext\access-bridge-64.jar;C:\Program Files\Java\jdk1.8.0_271\jre\lib\ext\cldrdata.jar;C:\Program Files\Java\jdk1.8.0_271\jre\lib\ext\dnsns.jar;C:\Program Files\Java\jdk1.8.0_271\jre\lib\ext\jaccess.jar;C:\Program Files\Java\jdk1.8.0_271\jre\lib\ext\jfxrt.jar;C:\Program Files\Java\jdk1.8.0_271\jre\lib\ext\localedata.jar;C:\Program Files\Java\jdk1.8.0_271\jre\lib\ext\nashorn.jar;C:\Program Files\Java\jdk1.8.0_271\jre\lib\ext\sunec.jar;C:\Program Files\Java\jdk1.8.0_271\jre\lib\ext\sunjce_provider.jar;C:\Program Files\Java\jdk1.8.0_271\jre\lib\ext\sunmscapi.jar;C:\Program Files\Java\jdk1.8.0_271\jre\lib\ext\sunpkcs11.jar;C:\Program Files\Java\jdk1.8.0_271\jre\lib\ext\zipfs.jar;C:\Program Files\Java\jdk1.8.0_271\jre\lib\javaws.jar;C:\Program Files\Java\jdk1.8.0_271\jre\lib\jce.jar;C:\Program Files\Java\jdk1.8.0_271\jre\lib\jfr.jar;C:\Program Files\Java\jdk1.8.0_271\jre\lib\jfxswt.jar;C:\Program Files\Java\jdk1.8.0_271\jre\lib\jsse.jar;C:\Program Files\Java\jdk1.8.0_271\jre\lib\management-agent.jar;C:\Program Files\Java\jdk1.8.0_271\jre\lib\plugin.jar;C:\Program Files\Java\jdk1.8.0_271\jre\lib\resources.jar;C:\Program Files\Java\jdk1.8.0_271\jre\lib\rt.jar;D:\zsc_project\hahamall-gateway\target\classes;D:\zsc_project\hahamall-common\target\classes;D:\tool_software\apache-maven-3.6.3\maven-repo\com\baomidou\mybatis-plus-boot-starter\3.3.1\mybatis-plus-boot-starter-3.3.1.jar;D:\tool_software\apache-maven-3.6.3\maven-repo\com\baomidou\mybatis-plus\3.3.1\mybatis-plus-3.3.1.jar;D:\tool_software\apache-maven-3.6.3\maven-repo\com\baomidou\mybatis-plus-extension\3.3.1\mybatis-plus-extension-3.3.1.jar;D:\tool_software\apache-maven-3.6.3\maven-repo\com\baomidou\mybatis-plus-core\3.3.1\mybatis-plus-core-3.3.1.jar;D:\tool_software\apache-maven-3.6.3\maven-repo\com\baomidou\mybatis-plus-annotation\3.3.1\my
Launcher Type: SUN_STANDARD

Environment Variables:
JAVA_HOME=C:\Program Files\Java\jdk1.8.0_271
CLASSPATH=.;C:\Program Files\Java\jdk1.8.0_271\lib\dt.jar;C:\Program Files\Java\jdk1.8.0_271\lib\tools.jar;
PATH=C:\Program Files\Java\jdk1.8.0_271\jre\bin;C:\Program Files (x86)\Common Files\Oracle\Java\javapath;C:\Windows\system32;C:\Windows;C:\Windows\System32\Wbem;C:\Windows\System32\WindowsPowerShell\v1.0\;C:\Windows\System32\OpenSSH\;D:\Program Files\JetBrains\IntelliJ IDEA 2020.2.1\plugins\maven\lib\maven3\bin;C:\Program Files\Java\jdk-14.0.2\bin;C:\Program Files\dotnet\;D:\Users\xxx\Anaconda3;D:\Users\xxx\Anaconda3\Scripts;D:\Users\xxx\Anaconda3\Library\bin;D:\tool_software\Git\cmd;D:\tool_software\mysql-5.7.27-winx64\bin;D:\Program Files\JetBrains\IntelliJ IDEA 2020.2.1\plugins\maven\lib\maven3\bin;X:\MySQL\MySQL Server 5.5_serve\bin;X:\nvm;C:\Program Files\nodejs;C:\ProgramData\chocolatey\bin;C:\Program Files\TortoiseGit\bin;C:\Users\xxx\AppData\Local\Programs\Python\Python38\Scripts\;C:\Users\xxx\AppData\Local\Programs\Python\Python38\;C:\Users\xxx\AppData\Local\Microsoft\WindowsApps;D:\Microsoft VS Code\编程软件\bin;C:\Users\xxx\.dotnet\tools;D:\Program Files\JetBrains\WebStorm 2020.2.1\bin;;D:\Program Files\JetBrains\PyCharm 2020.2.1\bin;;D:\Program Files\JetBrains\IntelliJ IDEA 2020.2.1\bin;;C:\Users\xxx\AppData\Roaming\npm;X:\nvm;C:\Program Files\nodejs;C:\Program Files\Bandizip\;
USERNAME=xxx
OS=Windows_NT
PROCESSOR_IDENTIFIER=AMD64 Family 23 Model 96 Stepping 1, AuthenticAMD



---------------  S Y S T E M  ---------------

OS: Windows 10.0 , 64 bit Build 19041 (10.0.19041.1348)

CPU:total 12 (initial active 12) (12 cores per cpu, 1 threads per core) family 23 model 96 stepping 1, cmov, cx8, fxsr, mmx, sse, sse2, sse3, ssse3, sse4.1, sse4.2, popcnt, avx, avx2, aes, clmul, mmxext, 3dnowpref, lzcnt, sse4a, tsc, tscinvbit, tscinv, bmi1

Memory: 4k page, physical 16119108k(588408k free), swap 28918976k(3456k free)

vm_info: Java HotSpot(TM) 64-Bit Server VM (25.271-b09) for windows-amd64 JRE (1.8.0_271-b09), built on Sep 16 2020 19:14:59 by "" with MS VC++ 15.9 (VS2017)

time: Sat Mar 19 09:13:14 2022
timezone: 中国标准时间
elapsed time: 0.079986 seconds (0d 0h 0m 0s)

