#
# There is insufficient memory for the Java Runtime Environment to continue.
# Native memory allocation (malloc) failed to allocate 1048576 bytes for AllocateHeap
# Possible reasons:
#   The system is out of physical RAM or swap space
#   The process is running with CompressedOops enabled, and the Java Heap may be blocking the growth of the native heap
# Possible solutions:
#   Reduce memory load on the system
#   Increase physical memory or swap space
#   Check if swap backing store is full
#   Decrease Java heap size (-Xmx/-Xms)
#   Decrease number of Java threads
#   Decrease Java thread stack sizes (-Xss)
#   Set larger code cache with -XX:ReservedCodeCacheSize=
#   JVM is running with Zero Based Compressed Oops mode in which the Java heap is
#     placed in the first 32GB address space. The Java Heap base address is the
#     maximum limit for the native heap growth. Please use -XX:HeapBaseMinAddress
#     to set the Java Heap base and to place the Java Heap above 32GB virtual address.
# This output file may be truncated or incomplete.
#
#  Out of Memory Error (memory/allocation.inline.hpp:61), pid=23240, tid=0x00000000000046d8
#
# JRE version:  (8.0_271-b09) (build )
# Java VM: Java HotSpot(TM) 64-Bit Server VM (25.271-b09 mixed mode windows-amd64 compressed oops)
# Failed to write core dump. Minidumps are not enabled by default on client versions of Windows
#

---------------  T H R E A D  ---------------

Current thread (0x000001fc77257800):  JavaThread "Unknown thread" [_thread_in_vm, id=18136, stack(0x000000afc0600000,0x000000afc0700000)]

Stack: [0x000000afc0600000,0x000000afc0700000]
Native frames: (J=compiled Java code, j=interpreted, Vv=VM code, C=native code)
V  [jvm.dll+0x33f6c9]
V  [jvm.dll+0x286122]
V  [jvm.dll+0x286dcd]
V  [jvm.dll+0x27d805]
V  [jvm.dll+0x1565d]
V  [jvm.dll+0x3da1f7]
V  [jvm.dll+0x3d6637]
V  [jvm.dll+0x10cfff]
V  [jvm.dll+0x21ab2b]
V  [jvm.dll+0x2494e7]
V  [jvm.dll+0x172a76]
C  [java.exe+0x2312]
C  [java.exe+0x15f54]
C  [KERNEL32.DLL+0x17034]
C  [ntdll.dll+0x52651]


---------------  P R O C E S S  ---------------

Java Threads: ( => current thread )

Other Threads:

=>0x000001fc77257800 (exited) JavaThread "Unknown thread" [_thread_in_vm, id=18136, stack(0x000000afc0600000,0x000000afc0700000)]

VM state:not at safepoint (normal execution)

VM Mutex/Monitor currently owned by a thread: None

heap address: 0x00000006ca000000, size: 3936 MB, Compressed Oops mode: Zero based, Oop shift amount: 3
Narrow klass base: 0x0000000000000000, Narrow klass shift: 3
Compressed class space size: 1073741824 Address: 0x00000007c0000000

Heap:
 PSYoungGen      total 73728K, used 1269K [0x000000076e000000, 0x0000000773200000, 0x00000007c0000000)
  eden space 63488K, 2% used [0x000000076e000000,0x000000076e13d718,0x0000000771e00000)
  from space 10240K, 0% used [0x0000000772800000,0x0000000772800000,0x0000000773200000)
  to   space 10240K, 0% used [0x0000000771e00000,0x0000000771e00000,0x0000000772800000)
 ParOldGen       total 167936K, used 0K [0x00000006ca000000, 0x00000006d4400000, 0x000000076e000000)
  object space 167936K, 0% used [0x00000006ca000000,0x00000006ca000000,0x00000006d4400000)
 Metaspace       used 776K, capacity 4480K, committed 4480K, reserved 1056768K
  class space    used 76K, capacity 384K, committed 384K, reserved 1048576K

Card table byte_map: [0x000001fc79040000,0x000001fc79800000] byte_map_base: 0x000001fc759f0000

Marking Bits: (ParMarkBitMap*) 0x000000005a0b7fe0
 Begin Bits: [0x000001fc0f000000, 0x000001fc12d80000)
 End Bits:   [0x000001fc12d80000, 0x000001fc16b00000)

Polling page: 0x000001fc77440000

CodeCache: size=245760Kb used=327Kb max_used=327Kb free=245432Kb
 bounds [0x000001fc00000000, 0x000001fc00270000, 0x000001fc0f000000]
 total_blobs=57 nmethods=0 adapters=38
 compilation: enabled

Compilation events (0 events):
No events

GC Heap History (0 events):
No events

Deoptimization events (0 events):
No events

Classes redefined (0 events):
No events

Internal exceptions (0 events):
No events

Events (10 events):
Event: 0.023 loading class java/lang/Short
Event: 0.023 loading class java/lang/Short done
Event: 0.023 loading class java/lang/Integer
Event: 0.023 loading class java/lang/Integer done
Event: 0.023 loading class java/lang/Long
Event: 0.023 loading class java/lang/Long done
Event: 0.024 loading class java/lang/NullPointerException
Event: 0.024 loading class java/lang/NullPointerException done
Event: 0.024 loading class java/lang/ArithmeticException
Event: 0.024 loading class java/lang/ArithmeticException done


Dynamic libraries:
0x00007ff6ee310000 - 0x00007ff6ee357000 	C:\Program Files\Java\jdk1.8.0_271\bin\java.exe
0x00007ffc6d7d0000 - 0x00007ffc6d9c5000 	C:\Windows\SYSTEM32\ntdll.dll
0x00007ffc6bfe0000 - 0x00007ffc6c09d000 	C:\Windows\System32\KERNEL32.DLL
0x00007ffc6af10000 - 0x00007ffc6b1d8000 	C:\Windows\System32\KERNELBASE.dll
0x00007ffc6c0a0000 - 0x00007ffc6c14c000 	C:\Windows\System32\ADVAPI32.dll
0x00007ffc6c280000 - 0x00007ffc6c31e000 	C:\Windows\System32\msvcrt.dll
0x00007ffc6cb00000 - 0x00007ffc6cb9b000 	C:\Windows\System32\sechost.dll
0x00007ffc6c150000 - 0x00007ffc6c27b000 	C:\Windows\System32\RPCRT4.dll
0x00007ffc6c320000 - 0x00007ffc6c4c0000 	C:\Windows\System32\USER32.dll
0x00007ffc6b810000 - 0x00007ffc6b832000 	C:\Windows\System32\win32u.dll
0x00007ffc6ce20000 - 0x00007ffc6ce4a000 	C:\Windows\System32\GDI32.dll
0x00007ffc6b270000 - 0x00007ffc6b37b000 	C:\Windows\System32\gdi32full.dll
0x00007ffc6b590000 - 0x00007ffc6b62d000 	C:\Windows\System32\msvcp_win.dll
0x00007ffc6b630000 - 0x00007ffc6b730000 	C:\Windows\System32\ucrtbase.dll
0x00007ffc52f80000 - 0x00007ffc5321a000 	C:\Windows\WinSxS\amd64_microsoft.windows.common-controls_6595b64144ccf1df_6.0.19041.1052_none_60b8f8fd71f5e8cb\COMCTL32.dll
0x00007ffc6cba0000 - 0x00007ffc6cbd0000 	C:\Windows\System32\IMM32.DLL
0x00007ffc5a5b0000 - 0x00007ffc5a5c5000 	C:\Program Files\Java\jdk1.8.0_271\jre\bin\vcruntime140.dll
0x00007ffc32ea0000 - 0x00007ffc32f3b000 	C:\Program Files\Java\jdk1.8.0_271\jre\bin\msvcp140.dll
0x00000000598c0000 - 0x000000005a12f000 	C:\Program Files\Java\jdk1.8.0_271\jre\bin\server\jvm.dll
0x00007ffc6cfa0000 - 0x00007ffc6cfa8000 	C:\Windows\System32\PSAPI.DLL
0x00007ffc6aab0000 - 0x00007ffc6aaba000 	C:\Windows\SYSTEM32\VERSION.dll
0x00007ffc50b10000 - 0x00007ffc50b19000 	C:\Windows\SYSTEM32\WSOCK32.dll
0x00007ffc66530000 - 0x00007ffc66557000 	C:\Windows\SYSTEM32\WINMM.dll
0x00007ffc6ced0000 - 0x00007ffc6cf3b000 	C:\Windows\System32\WS2_32.dll
0x00007ffc69760000 - 0x00007ffc69772000 	C:\Windows\SYSTEM32\kernel.appcore.dll
0x00007ffc4f320000 - 0x00007ffc4f330000 	C:\Program Files\Java\jdk1.8.0_271\jre\bin\verify.dll
0x00007ffc4f2a0000 - 0x00007ffc4f2cb000 	C:\Program Files\Java\jdk1.8.0_271\jre\bin\java.dll
0x00007ffc4bc80000 - 0x00007ffc4bcb0000 	C:\Program Files\Java\jdk1.8.0_271\jre\bin\instrument.dll
0x00007ffc4f280000 - 0x00007ffc4f298000 	C:\Program Files\Java\jdk1.8.0_271\jre\bin\zip.dll
0x00007ffc69550000 - 0x00007ffc69734000 	C:\Windows\SYSTEM32\dbghelp.dll
0x00007ffc6b1e0000 - 0x00007ffc6b263000 	C:\Windows\System32\bcryptPrimitives.dll

VM Arguments:
jvm_args: -ea -Didea.test.cyclic.buffer.size=1048576 -javaagent:D:\Program Files\JetBrains\IntelliJ IDEA 2020.2.1\lib\idea_rt.jar=5295:D:\Program Files\JetBrains\IntelliJ IDEA 2020.2.1\bin -Dfile.encoding=UTF-8 
java_command: com.intellij.rt.junit.JUnitStarter -ideVersion5 -junit4 @w@C:\Users\xxx\AppData\Local\Temp\idea_working_dirs_junit.tmp @C:\Users\xxx\AppData\Local\Temp\idea_junit.tmp
java_class_path (initial): D:\Program Files\JetBrains\IntelliJ IDEA 2020.2.1\lib\idea_rt.jar;D:\Program Files\JetBrains\IntelliJ IDEA 2020.2.1\plugins\junit\lib\junit5-rt.jar;D:\Program Files\JetBrains\IntelliJ IDEA 2020.2.1\plugins\junit\lib\junit-rt.jar;C:\Program Files\Java\jdk1.8.0_271\jre\lib\charsets.jar;C:\Program Files\Java\jdk1.8.0_271\jre\lib\deploy.jar;C:\Program Files\Java\jdk1.8.0_271\jre\lib\ext\access-bridge-64.jar;C:\Program Files\Java\jdk1.8.0_271\jre\lib\ext\cldrdata.jar;C:\Program Files\Java\jdk1.8.0_271\jre\lib\ext\dnsns.jar;C:\Program Files\Java\jdk1.8.0_271\jre\lib\ext\jaccess.jar;C:\Program Files\Java\jdk1.8.0_271\jre\lib\ext\jfxrt.jar;C:\Program Files\Java\jdk1.8.0_271\jre\lib\ext\localedata.jar;C:\Program Files\Java\jdk1.8.0_271\jre\lib\ext\nashorn.jar;C:\Program Files\Java\jdk1.8.0_271\jre\lib\ext\sunec.jar;C:\Program Files\Java\jdk1.8.0_271\jre\lib\ext\sunjce_provider.jar;C:\Program Files\Java\jdk1.8.0_271\jre\lib\ext\sunmscapi.jar;C:\Program Files\Java\jdk1.8.0_271\jre\lib\ext\sunpkcs11.jar;C:\Program Files\Java\jdk1.8.0_271\jre\lib\ext\zipfs.jar;C:\Program Files\Java\jdk1.8.0_271\jre\lib\javaws.jar;C:\Program Files\Java\jdk1.8.0_271\jre\lib\jce.jar;C:\Program Files\Java\jdk1.8.0_271\jre\lib\jfr.jar;C:\Program Files\Java\jdk1.8.0_271\jre\lib\jfxswt.jar;C:\Program Files\Java\jdk1.8.0_271\jre\lib\jsse.jar;C:\Program Files\Java\jdk1.8.0_271\jre\lib\management-agent.jar;C:\Program Files\Java\jdk1.8.0_271\jre\lib\plugin.jar;C:\Program Files\Java\jdk1.8.0_271\jre\lib\resources.jar;C:\Program Files\Java\jdk1.8.0_271\jre\lib\rt.jar;D:\zsc_project\hahamall-product\target\test-classes;D:\zsc_project\hahamall-product\target\classes;D:\zsc_project\hahamall-common\target\classes;D:\tool_software\apache-maven-3.6.3\maven-repo\com\baomidou\mybatis-plus-boot-starter\3.3.1\mybatis-plus-boot-starter-3.3.1.jar;D:\tool_software\apache-maven-3.6.3\maven-repo\com\baomidou\mybatis-plus\3.3.1\mybatis-plus-3.3.1.jar;D:\tool_software\apache-maven-3.6.3\maven-rep
Launcher Type: SUN_STANDARD

Environment Variables:
JAVA_HOME=C:\Program Files\Java\jdk1.8.0_271
CLASSPATH=.;C:\Program Files\Java\jdk1.8.0_271\lib\dt.jar;C:\Program Files\Java\jdk1.8.0_271\lib\tools.jar;
PATH=C:\Python27;C:\Python27\Scripts;C:\Program Files\Java\jdk1.8.0_271\jre\bin;C:\Program Files (x86)\Common Files\Oracle\Java\javapath;C:\Windows\system32;C:\Windows;C:\Windows\System32\Wbem;C:\Windows\System32\WindowsPowerShell\v1.0\;C:\Windows\System32\OpenSSH\;D:\Program Files\JetBrains\IntelliJ IDEA 2020.2.1\plugins\maven\lib\maven3\bin;C:\Program Files\Java\jdk-14.0.2\bin;C:\Program Files\dotnet\;D:\tool_software\;D:\Users\xxx\Anaconda3;D:\Users\xxx\Anaconda3\Scripts;D:\Users\xxx\Anaconda3\Library\bin;D:\tool_software\Git\cmd;D:\tool_software\mysql-5.7.27-winx64\bin;D:\Program Files\JetBrains\IntelliJ IDEA 2020.2.1\plugins\maven\lib\maven3\bin;X:\MySQL\MySQL Server 5.5_serve\bin;X:\nvm;C:\Program Files\nodejs;C:\ProgramData\chocolatey\bin;C:\Python27;C:\Python27\Scripts;C:\Users\xxx\AppData\Local\Programs\Python\Python38\Scripts\;C:\Users\xxx\AppData\Local\Programs\Python\Python38\;C:\Users\xxx\AppData\Local\Microsoft\WindowsApps;D:\Microsoft VS Code\编程软件\bin;C:\Users\xxx\.dotnet\tools;D:\Program Files\JetBrains\WebStorm 2020.2.1\bin;;D:\Program Files\JetBrains\PyCharm 2020.2.1\bin;;D:\Program Files\JetBrains\IntelliJ IDEA 2020.2.1\bin;;C:\Users\xxx\AppData\Roaming\npm;X:\nvm;C:\Program Files\nodejs;C:\Users\xxx\AppData\Local\Programs\Python\Python38\Scripts;
USERNAME=xxx
OS=Windows_NT
PROCESSOR_IDENTIFIER=AMD64 Family 23 Model 96 Stepping 1, AuthenticAMD



---------------  S Y S T E M  ---------------

OS: Windows 10.0 , 64 bit Build 19041 (10.0.19041.1023)

CPU:total 12 (initial active 12) (12 cores per cpu, 1 threads per core) family 23 model 96 stepping 1, cmov, cx8, fxsr, mmx, sse, sse2, sse3, ssse3, sse4.1, sse4.2, popcnt, avx, avx2, aes, clmul, mmxext, 3dnowpref, lzcnt, sse4a, tsc, tscinvbit, tscinv, bmi1

Memory: 4k page, physical 16119108k(1078364k free), swap 31847744k(4128k free)

vm_info: Java HotSpot(TM) 64-Bit Server VM (25.271-b09) for windows-amd64 JRE (1.8.0_271-b09), built on Sep 16 2020 19:14:59 by "" with MS VC++ 15.9 (VS2017)

time: Thu Jul  1 15:27:09 2021
timezone: 中国标准时间
elapsed time: 0.038171 seconds (0d 0h 0m 0s)

